[1m@storybook/core v8.5.8
[22m
info => Cleaning outputDir: [36m../../../../var/folders/kp/rtws4tk54kb63nytks00cp980000gp/T/chromatic--78469-uW4Zrg1mgTlG[39m
info => Loading presets
info => Building manager..
WARN unable to find package.json for @chromatic-com/shared-e2e
WARN unable to find package.json for @rrweb/types
WARN unable to find package.json for @storybook/types
WARN unable to find package.json for start-server-and-test
info => Manager built ([38;2;181;126;229m358 ms[39m)
info => Building preview..
info Addon-docs: using MDX3
info => Using implicit CSS loaders
info => Using default Webpack5 setup
info => Copying static files: [36mcypress/downloads/chromatic-archives/archive[39m at [36m../../../../var/folders/kp/rtws4tk54kb63nytks00cp980000gp/T/chromatic--78469-uW4Zrg1mgTlG[39m
WARN asset size limit: The following asset(s) exceed the recommended size limit (244 KiB).
WARN This can impact web performance.
WARN Assets: 
WARN   642.0603f74e.iframe.bundle.js (1.35 MiB)
info => Preview built ([38;2;181;126;229m4.04 s[39m)
info => Output directory: /var/folders/kp/rtws4tk54kb63nytks00cp980000gp/T/chromatic--78469-uW4Zrg1mgTlG

[35m[1mattention[22m[39m => Storybook now collects completely anonymous telemetry regarding usage.
This information is used to shape Storybook's roadmap and prioritize features.
You can learn more, including how to opt-out if you'd not like to participate in this anonymous program, by visiting the following URL:
[36mhttps://storybook.js.org/telemetry[39m

